[debug] [2025-03-26T22:26:40.515Z] ----------------------------------------------------------------------
[debug] [2025-03-26T22:26:40.517Z] Command:       C:\Program Files\nodejs\node.exe C:\Program Files\nodejs\node_modules\firebase-tools\lib\bin\firebase.js init hosting
[debug] [2025-03-26T22:26:40.518Z] CLI Version:   13.35.1
[debug] [2025-03-26T22:26:40.518Z] Platform:      win32
[debug] [2025-03-26T22:26:40.518Z] Node Version:  v22.14.0
[debug] [2025-03-26T22:26:40.518Z] Time:          Wed Mar 26 2025 16:26:40 GMT-0600 (hora estándar central)
[debug] [2025-03-26T22:26:40.518Z] ----------------------------------------------------------------------
[debug] 
[debug] [2025-03-26T22:26:40.686Z] > command requires scopes: ["email","openid","https://www.googleapis.com/auth/cloudplatformprojects.readonly","https://www.googleapis.com/auth/firebase","https://www.googleapis.com/auth/cloud-platform"]
[debug] [2025-03-26T22:26:40.687Z] > authorizing via signed-in user (xavi.l.hdz84@gmail.com)
[info] 
     ######## #### ########  ######## ########     ###     ######  ########
     ##        ##  ##     ## ##       ##     ##  ##   ##  ##       ##
     ######    ##  ########  ######   ########  #########  ######  ######
     ##        ##  ##    ##  ##       ##     ## ##     ##       ## ##
     ##       #### ##     ## ######## ########  ##     ##  ######  ########

You're about to initialize a Firebase project in this directory:

  C:\Users\User\Downloads\Projects\finanzas-app

Before we get started, keep in mind:

  * You are initializing within an existing Firebase project directory

[info] 
=== Project Setup
[info] 
[info] First, let's associate this project directory with a Firebase project.
[info] You can create multiple project aliases by running firebase use --add, 
[info] but for now we'll just set up a default project.
[info] 
[debug] [2025-03-26T22:27:19.032Z] Checked if tokens are valid: true, expires at: 1743031549718
[debug] [2025-03-26T22:27:19.032Z] Checked if tokens are valid: true, expires at: 1743031549718
[debug] [2025-03-26T22:27:19.034Z] >>> [apiv2][query] GET https://firebase.googleapis.com/v1beta1/projects pageSize=100
[debug] [2025-03-26T22:27:19.442Z] <<< [apiv2][status] GET https://firebase.googleapis.com/v1beta1/projects 200
[debug] [2025-03-26T22:27:19.442Z] <<< [apiv2][body] GET https://firebase.googleapis.com/v1beta1/projects [omitted]
[info] i  Using project finanzasapp-e4ed3 (FinanzasApp) 
[info] 
=== Hosting Setup
[debug] [2025-03-26T22:27:23.040Z] Checked if tokens are valid: true, expires at: 1743031549718
[debug] [2025-03-26T22:27:23.040Z] Checked if tokens are valid: true, expires at: 1743031549718
[debug] [2025-03-26T22:27:23.041Z] >>> [apiv2][query] GET https://firebase.googleapis.com/v1beta1/projects/finanzasapp-e4ed3 [none]
[debug] [2025-03-26T22:27:23.246Z] <<< [apiv2][status] GET https://firebase.googleapis.com/v1beta1/projects/finanzasapp-e4ed3 200
[debug] [2025-03-26T22:27:23.247Z] <<< [apiv2][body] GET https://firebase.googleapis.com/v1beta1/projects/finanzasapp-e4ed3 {"projectId":"finanzasapp-e4ed3","projectNumber":"953370151093","displayName":"FinanzasApp","name":"projects/finanzasapp-e4ed3","resources":{"hostingSite":"finanzasapp-e4ed3"},"state":"ACTIVE","etag":"1_e0095163-d2f3-4744-8621-5f849ab6d311"}
[info] 
[info] Your public directory is the folder (relative to your project directory) that
[info] will contain Hosting assets to be uploaded with firebase deploy. If you
[info] have a build process for your assets, use your build's output directory.
[info] 
[debug] [2025-03-26T22:28:17.906Z] >>> [apiv2][query] GET https://www.gstatic.com/firebasejs/releases.json [none]
[debug] [2025-03-26T22:28:18.046Z] <<< [apiv2][status] GET https://www.gstatic.com/firebasejs/releases.json 200
[debug] [2025-03-26T22:28:18.046Z] <<< [apiv2][body] GET https://www.gstatic.com/firebasejs/releases.json {"current":{"version":"11.5.0","browserURL":"https://www.gstatic.com/firebasejs/11.5.0/firebase.js","packageURL":"https://www.gstatic.com/firebasejs/11.5.0/firebase.tgz"},"live":{"version":"11.5","browserURL":"https://www.gstatic.com/firebasejs/live/11.5/firebase.js","packageURL":"https://www.gstatic.com/firebasejs/live/11.5/firebase.tgz"},"components":{"analytics":"https://www.gstatic.com/firebasejs/11.5.0/firebase-analytics.js","app":"https://www.gstatic.com/firebasejs/11.5.0/firebase-app.js","app-check":"https://www.gstatic.com/firebasejs/11.5.0/firebase-app-check.js","auth":"https://www.gstatic.com/firebasejs/11.5.0/firebase-auth.js","auth/cordova":"https://www.gstatic.com/firebasejs/11.5.0/firebase-auth/cordova.js","auth/web-extension":"https://www.gstatic.com/firebasejs/11.5.0/firebase-auth/web-extension.js","functions":"https://www.gstatic.com/firebasejs/11.5.0/firebase-functions.js","firestore":"https://www.gstatic.com/firebasejs/11.5.0/firebase-firestore.js","firestore/lite":"https://www.gstatic.com/firebasejs/11.5.0/firebase-firestore/lite.js","installations":"https://www.gstatic.com/firebasejs/11.5.0/firebase-installations.js","storage":"https://www.gstatic.com/firebasejs/11.5.0/firebase-storage.js","performance":"https://www.gstatic.com/firebasejs/11.5.0/firebase-performance.js","remote-config":"https://www.gstatic.com/firebasejs/11.5.0/firebase-remote-config.js","messaging":"https://www.gstatic.com/firebasejs/11.5.0/firebase-messaging.js","messaging/sw":"https://www.gstatic.com/firebasejs/11.5.0/firebase-messaging/sw.js","database":"https://www.gstatic.com/firebasejs/11.5.0/firebase-database.js","vertexai":"https://www.gstatic.com/firebasejs/11.5.0/firebase-vertexai.js","data-connect":"https://www.gstatic.com/firebasejs/11.5.0/firebase-data-connect.js","firestore.memory":"https://www.gstatic.com/firebasejs/11.5.0/firebase-firestore.memory.js"}}
[info] +  Wrote dist/finanzas-app/index.html 
[info] 
[info] i  Detected a .git folder at C:\Users\User\Downloads\Projects\finanzas-app 
[info] i  Authorizing with GitHub to upload your service account to a GitHub repository's secrets store. 
[info] 
[info] Visit this URL on this device to log in:
[info] https://github.com/login/oauth/authorize?client_id=89cf50f02ac6aaed3484&state=49559409&redirect_uri=http%3A%2F%2Flocalhost%3A9005&scope=read%3Auser%20repo%20public_repo
[info] 
[info] Waiting for authentication...
